<?xml version="1.0" encoding="UTF-8"?>
<!-- Generated by org.testng.reporters.JUnitReportReporter -->
<testsuite hostname="DESKTOP-6OM508S" failures="0" tests="3" name="test" time="21.761" errors="0" timestamp="2022-04-03T14:04:37 IST" skipped="0">
  <testcase classname="test" name="addToCart" time="7.863"/>
  <system-out/>
  <testcase classname="test" name="login" time="7.086"/>
  <system-out/>
  <testcase classname="test" name="register" time="6.812"/>
  <system-out/>
</testsuite> <!-- test -->
